<?xml version="1.0" encoding="UTF-8"?>
<testsuite name="Buscar estado de situacion financiera" tests="1" skipped="0" failures="0" errors="0" timestamp="2022-02-26T19:28:57" hostname="CHPAP8XKWD82" time="34.693">
  <properties/>
  <testcase name="Abrir el PDF estado de situacion financiera" classname="Buscar estado de situacion financiera" time="34.693"/>
  <system-out><![CDATA[]]></system-out>
  <system-err><![CDATA[feb 26, 2022 2:28:58 PM org.openqa.selenium.remote.DesiredCapabilities chrome
INFORMACIÓN: Using `new ChromeOptions()` is preferred to `DesiredCapabilities.chrome()`
Starting ChromeDriver 98.0.4758.102 (273bf7ac8c909cde36982d27f66f3c70846a3718-refs/branch-heads/4758@{#1151}) on port 30750
Only local connections are allowed.
Please see https://chromedriver.chromium.org/security-considerations for suggestions on keeping ChromeDriver safe.
ChromeDriver was started successfully.
feb 26, 2022 2:29:03 PM org.openqa.selenium.remote.ProtocolHandshake createSession
INFORMACIÓN: Detected dialect: W3C
[Test worker] INFO net.serenitybdd.core.Serenity - 
        __    _____ _____ ____ _____   ____   _    ____  ____  _____ ____  
  _     \ \  |_   _| ____/ ___|_   _| |  _ \ / \  / ___|/ ___|| ____|  _ \ 
 (_)_____| |   | | |  _| \___ \ | |   | |_) / _ \ \___ \\___ \|  _| | | | |
  _|_____| |   | | | |___ ___) || |   |  __/ ___ \ ___) |___) | |___| |_| |
 (_)     | |   |_| |_____|____/ |_|   |_| /_/   \_\____/|____/|_____|____/ 
        /_/                                                                

TEST PASSED: Abrir el PDF estado de situacion financiera
----------------------------------------------------------------------------
]]></system-err>
</testsuite>
